<?xml version="1.0" encoding="UTF-8"?>
<testsuite xmlns:xsi="http://www.w3.org/2001/XMLSchema-instance" xsi:noNamespaceSchemaLocation="https://maven.apache.org/surefire/maven-surefire-plugin/xsd/surefire-test-report.xsd" version="3.0.2" name="com.smartlogistics.matchingservice.service.MatchingServiceTest" time="0.235" tests="3" errors="0" skipped="0" failures="0">
  <properties>
[...]
</properties>
  <testcase name="createMatchRequest_Success_RunsEngineAndPublishesEvents" classname="com.smartlogistics.matchingservice.service.MatchingServiceTest" time="0.188">
    <system-out><![CDATA[2026-07-10T22:55:22.726+05:30  INFO 6192 --- [matching-service] [           main] c.s.m.service.MatchingServiceImpl        : Creating MatchRequest for shipment: 3b44addd-4673-492c-9e40-f56b4b17100a
]]></system-out>
  </testcase>
  <testcase name="processAutomaticMatching_Success_GeneratesRecommendations" classname="com.smartlogistics.matchingservice.service.MatchingServiceTest" time="0.015">
    <system-out><![CDATA[2026-07-10T22:55:22.750+05:30  INFO 6192 --- [matching-service] [           main] c.s.m.service.MatchingServiceImpl        : Processing automatic matching for shipment: 7e8cf814-f7d8-486e-8615-903eb984433a
]]></system-out>
  </testcase>
  <testcase name="runManualMatching_ShipmentNotFound_ThrowsException" classname="com.smartlogistics.matchingservice.service.MatchingServiceTest" time="0.021">
    <system-out><![CDATA[2026-07-10T22:55:22.775+05:30  INFO 6192 --- [matching-service] [           main] c.s.m.service.MatchingServiceImpl        : Running manual matching for shipment: 5d2884eb-21a4-4687-9ca5-5cb1b1f16ee2
]]></system-out>
  </testcase>
</testsuite>