<?xml version="1.0" encoding="UTF-8"?>
<testsuite xmlns:xsi="http://www.w3.org/2001/XMLSchema-instance" xsi:noNamespaceSchemaLocation="https://maven.apache.org/surefire/maven-surefire-plugin/xsd/surefire-test-report.xsd" version="3.0.2" name="com.smartlogistics.auth.AuthServiceApplicationTests" time="19.03" tests="1" errors="0" skipped="0" failures="0">
  <properties>
[...]
</properties>
  <testcase name="contextLoads" classname="com.smartlogistics.auth.AuthServiceApplicationTests" time="1.043">
    <system-out><![CDATA[20:57:02.983 [main] INFO org.springframework.test.context.support.AnnotationConfigContextLoaderUtils -- Could not detect default configuration classes for test class [com.smartlogistics.auth.AuthServiceApplicationTests]: AuthServiceApplicationTests does not declare any static, non-private, non-final, nested classes annotated with @Configuration.
20:57:03.221 [main] INFO org.springframework.boot.test.context.SpringBootTestContextBootstrapper -- Found @SpringBootConfiguration com.smartlogistics.auth.AuthServiceApplication for test class com.smartlogistics.auth.AuthServiceApplicationTests

  .   ____          _            __ _ _
 /\\ / ___'_ __ _ _(_)_ __  __ _ \ \ \ \
( ( )\___ | '_ | '_| | '_ \/ _` | \ \ \ \
 \\/  ___)| |_)| | | | | || (_| |  ) ) ) )
  '  |____| .__|_| |_|_| |_\__, | / / / /
 =========|_|==============|___/=/_/_/_/
 :: Spring Boot ::                (v3.2.4)

2026-07-08T20:57:04.604+05:30  INFO 25284 --- [auth-service] [           main] c.s.auth.AuthServiceApplicationTests     : Starting AuthServiceApplicationTests using Java 22.0.2 with PID 25284 (started by Suyog in C:\Users\Suyog\Desktop\Projects\smart-logistics-platform\backend\auth-service)
2026-07-08T20:57:04.606+05:30  INFO 25284 --- [auth-service] [           main] c.s.auth.AuthServiceApplicationTests     : The following 1 profile is active: "test"
2026-07-08T20:57:07.733+05:30  INFO 25284 --- [auth-service] [           main] .s.d.r.c.RepositoryConfigurationDelegate : Multiple Spring Data modules found, entering strict repository configuration mode
2026-07-08T20:57:07.737+05:30  INFO 25284 --- [auth-service] [           main] .s.d.r.c.RepositoryConfigurationDelegate : Bootstrapping Spring Data JPA repositories in DEFAULT mode.
2026-07-08T20:57:08.144+05:30  INFO 25284 --- [auth-service] [           main] .s.d.r.c.RepositoryConfigurationDelegate : Finished Spring Data repository scanning in 383 ms. Found 9 JPA repository interfaces.
2026-07-08T20:57:08.212+05:30  INFO 25284 --- [auth-service] [           main] .s.d.r.c.RepositoryConfigurationDelegate : Multiple Spring Data modules found, entering strict repository configuration mode
2026-07-08T20:57:08.216+05:30  INFO 25284 --- [auth-service] [           main] .s.d.r.c.RepositoryConfigurationDelegate : Bootstrapping Spring Data Redis repositories in DEFAULT mode.
2026-07-08T20:57:08.258+05:30  INFO 25284 --- [auth-service] [           main] .RepositoryConfigurationExtensionSupport : Spring Data Redis - Could not safely identify store assignment for repository candidate interface com.smartlogistics.auth.domain.repository.EmailVerificationTokenRepository; If you want this repository to be a Redis repository, consider annotating your entities with one of these annotations: org.springframework.data.redis.core.RedisHash (preferred), or consider extending one of the following types with your repository: org.springframework.data.keyvalue.repository.KeyValueRepository
2026-07-08T20:57:08.259+05:30  INFO 25284 --- [auth-service] [           main] .RepositoryConfigurationExtensionSupport : Spring Data Redis - Could not safely identify store assignment for repository candidate interface com.smartlogistics.auth.domain.repository.LoginAttemptRepository; If you want this repository to be a Redis repository, consider annotating your entities with one of these annotations: org.springframework.data.redis.core.RedisHash (preferred), or consider extending one of the following types with your repository: org.springframework.data.keyvalue.repository.KeyValueRepository
2026-07-08T20:57:08.259+05:30  INFO 25284 --- [auth-service] [           main] .RepositoryConfigurationExtensionSupport : Spring Data Redis - Could not safely identify store assignment for repository candidate interface com.smartlogistics.auth.domain.repository.OtpRepository; If you want this repository to be a Redis repository, consider annotating your entities with one of these annotations: org.springframework.data.redis.core.RedisHash (preferred), or consider extending one of the following types with your repository: org.springframework.data.keyvalue.repository.KeyValueRepository
2026-07-08T20:57:08.260+05:30  INFO 25284 --- [auth-service] [           main] .RepositoryConfigurationExtensionSupport : Spring Data Redis - Could not safely identify store assignment for repository candidate interface com.smartlogistics.auth.domain.repository.PasswordResetTokenRepository; If you want this repository to be a Redis repository, consider annotating your entities with one of these annotations: org.springframework.data.redis.core.RedisHash (preferred), or consider extending one of the following types with your repository: org.springframework.data.keyvalue.repository.KeyValueRepository
2026-07-08T20:57:08.261+05:30  INFO 25284 --- [auth-service] [           main] .RepositoryConfigurationExtensionSupport : Spring Data Redis - Could not safely identify store assignment for repository candidate interface com.smartlogistics.auth.domain.repository.PermissionRepository; If you want this repository to be a Redis repository, consider annotating your entities with one of these annotations: org.springframework.data.redis.core.RedisHash (preferred), or consider extending one of the following types with your repository: org.springframework.data.keyvalue.repository.KeyValueRepository
2026-07-08T20:57:08.261+05:30  INFO 25284 --- [auth-service] [           main] .RepositoryConfigurationExtensionSupport : Spring Data Redis - Could not safely identify store assignment for repository candidate interface com.smartlogistics.auth.domain.repository.RefreshTokenRepository; If you want this repository to be a Redis repository, consider annotating your entities with one of these annotations: org.springframework.data.redis.core.RedisHash (preferred), or consider extending one of the following types with your repository: org.springframework.data.keyvalue.repository.KeyValueRepository
2026-07-08T20:57:08.262+05:30  INFO 25284 --- [auth-service] [           main] .RepositoryConfigurationExtensionSupport : Spring Data Redis - Could not safely identify store assignment for repository candidate interface com.smartlogistics.auth.domain.repository.RoleRepository; If you want this repository to be a Redis repository, consider annotating your entities with one of these annotations: org.springframework.data.redis.core.RedisHash (preferred), or consider extending one of the following types with your repository: org.springframework.data.keyvalue.repository.KeyValueRepository
2026-07-08T20:57:08.263+05:30  INFO 25284 --- [auth-service] [           main] .RepositoryConfigurationExtensionSupport : Spring Data Redis - Could not safely identify store assignment for repository candidate interface com.smartlogistics.auth.domain.repository.UserCredentialRepository; If you want this repository to be a Redis repository, consider annotating your entities with one of these annotations: org.springframework.data.redis.core.RedisHash (preferred), or consider extending one of the following types with your repository: org.springframework.data.keyvalue.repository.KeyValueRepository
2026-07-08T20:57:08.263+05:30  INFO 25284 --- [auth-service] [           main] .RepositoryConfigurationExtensionSupport : Spring Data Redis - Could not safely identify store assignment for repository candidate interface com.smartlogistics.auth.domain.repository.UserSessionRepository; If you want this repository to be a Redis repository, consider annotating your entities with one of these annotations: org.springframework.data.redis.core.RedisHash (preferred), or consider extending one of the following types with your repository: org.springframework.data.keyvalue.repository.KeyValueRepository
2026-07-08T20:57:08.264+05:30  INFO 25284 --- [auth-service] [           main] .s.d.r.c.RepositoryConfigurationDelegate : Finished Spring Data repository scanning in 23 ms. Found 0 Redis repository interfaces.
2026-07-08T20:57:08.931+05:30  INFO 25284 --- [auth-service] [           main] o.s.cloud.context.scope.GenericScope     : BeanFactory id=0a5b16fc-14aa-347b-9925-2dc2ce468d25
2026-07-08T20:57:09.806+05:30  WARN 25284 --- [auth-service] [           main] trationDelegate$BeanPostProcessorChecker : Bean 'org.springframework.cloud.client.loadbalancer.LoadBalancerAutoConfiguration$DeferringLoadBalancerInterceptorConfig' of type [org.springframework.cloud.client.loadbalancer.LoadBalancerAutoConfiguration$DeferringLoadBalancerInterceptorConfig] is not eligible for getting processed by all BeanPostProcessors (for example: not eligible for auto-proxying). The currently created BeanPostProcessor [lbRestClientPostProcessor] is declared through a non-static factory method on that class; consider declaring it as static instead.
2026-07-08T20:57:09.813+05:30  WARN 25284 --- [auth-service] [           main] trationDelegate$BeanPostProcessorChecker : Bean 'deferringLoadBalancerInterceptor' of type [org.springframework.cloud.client.loadbalancer.DeferringLoadBalancerInterceptor] is not eligible for getting processed by all BeanPostProcessors (for example: not eligible for auto-proxying). Is this bean getting eagerly injected into a currently created BeanPostProcessor [lbRestClientPostProcessor]? Check the corresponding BeanPostProcessor declaration and its dependencies.
2026-07-08T20:57:10.231+05:30  INFO 25284 --- [auth-service] [           main] o.hibernate.jpa.internal.util.LogHelper  : HHH000204: Processing PersistenceUnitInfo [name: default]
2026-07-08T20:57:10.376+05:30  INFO 25284 --- [auth-service] [           main] org.hibernate.Version                    : HHH000412: Hibernate ORM core version 6.4.4.Final
2026-07-08T20:57:10.461+05:30  INFO 25284 --- [auth-service] [           main] o.h.c.internal.RegionFactoryInitiator    : HHH000026: Second-level cache disabled
2026-07-08T20:57:11.063+05:30  INFO 25284 --- [auth-service] [           main] o.s.o.j.p.SpringPersistenceUnitInfo      : No LoadTimeWeaver setup: ignoring JPA class transformer
2026-07-08T20:57:11.136+05:30  INFO 25284 --- [auth-service] [           main] com.zaxxer.hikari.HikariDataSource       : HikariPool-1 - Starting...
2026-07-08T20:57:11.638+05:30  INFO 25284 --- [auth-service] [           main] com.zaxxer.hikari.pool.HikariPool        : HikariPool-1 - Added connection conn0: url=jdbc:h2:mem:testdb user=SA
2026-07-08T20:57:11.641+05:30  INFO 25284 --- [auth-service] [           main] com.zaxxer.hikari.HikariDataSource       : HikariPool-1 - Start completed.
2026-07-08T20:57:11.705+05:30  WARN 25284 --- [auth-service] [           main] org.hibernate.orm.deprecation            : HHH90000025: H2Dialect does not need to be specified explicitly using 'hibernate.dialect' (remove the property setting and it will be selected by default)
2026-07-08T20:57:14.175+05:30  INFO 25284 --- [auth-service] [           main] o.h.e.t.j.p.i.JtaPlatformInitiator       : HHH000489: No JTA platform available (set 'hibernate.transaction.jta.platform' to enable JTA platform integration)
Hibernate: 
    drop table if exists email_verification_tokens cascade 
Hibernate: 
    drop table if exists login_attempts cascade 
Hibernate: 
    drop table if exists otps cascade 
Hibernate: 
    drop table if exists password_reset_tokens cascade 
Hibernate: 
    drop table if exists permissions cascade 
Hibernate: 
    drop table if exists refresh_tokens cascade 
Hibernate: 
    drop table if exists role_permissions cascade 
Hibernate: 
    drop table if exists roles cascade 
Hibernate: 
    drop table if exists user_credentials cascade 
Hibernate: 
    drop table if exists user_roles cascade 
Hibernate: 
    drop table if exists user_sessions cascade 
Hibernate: 
    create table email_verification_tokens (
        used boolean not null,
        created_at timestamp(6),
        expiry_date timestamp(6) not null,
        id uuid not null,
        user_id uuid not null,
        token varchar(100) not null unique,
        primary key (id)
    )
Hibernate: 
    create table login_attempts (
        success boolean not null,
        attempt_time timestamp(6),
        id uuid not null,
        ip_address varchar(50),
        email varchar(100) not null,
        primary key (id)
    )
Hibernate: 
    create table otps (
        used boolean not null,
        code varchar(6) not null,
        created_at timestamp(6),
        expiry_date timestamp(6) not null,
        id uuid not null,
        identifier varchar(100) not null,
        primary key (id)
    )
Hibernate: 
    create table password_reset_tokens (
        used boolean not null,
        created_at timestamp(6),
        expiry_date timestamp(6) not null,
        id uuid not null,
        user_id uuid not null,
        token varchar(100) not null unique,
        primary key (id)
    )
Hibernate: 
    create table permissions (
        created_at timestamp(6),
        updated_at timestamp(6),
        id uuid not null,
        name varchar(50) not null unique,
        description varchar(255),
        primary key (id)
    )
Hibernate: 
    create table refresh_tokens (
        revoked boolean not null,
        created_at timestamp(6),
        expiry_date timestamp(6) not null,
        updated_at timestamp(6),
        id uuid not null,
        user_id uuid not null,
        token varchar(500) not null unique,
        primary key (id)
    )
Hibernate: 
    create table role_permissions (
        permission_id uuid not null,
        role_id uuid not null,
        primary key (permission_id, role_id)
    )
Hibernate: 
    create table roles (
        created_at timestamp(6),
        updated_at timestamp(6),
        id uuid not null,
        name varchar(50) not null unique,
        description varchar(255),
        primary key (id)
    )
Hibernate: 
    create table user_credentials (
        account_non_expired boolean not null,
        account_non_locked boolean not null,
        credentials_non_expired boolean not null,
        enabled boolean not null,
        is_deleted boolean not null,
        version integer,
        created_at timestamp(6),
        updated_at timestamp(6),
        id uuid not null,
        phone varchar(20) unique,
        email varchar(100) not null unique,
        password_hash varchar(255) not null,
        primary key (id)
    )
Hibernate: 
    create table user_roles (
        role_id uuid not null,
        user_id uuid not null,
        primary key (role_id, user_id)
    )
Hibernate: 
    create table user_sessions (
        active boolean not null,
        login_time timestamp(6),
        logout_time timestamp(6),
        id uuid not null,
        user_id uuid not null,
        ip_address varchar(50),
        device varchar(255),
        location varchar(255),
        user_agent varchar(255),
        primary key (id)
    )
Hibernate: 
    alter table if exists email_verification_tokens 
       add constraint FK60x00ygcy9nca96dsdi9xo0n8 
       foreign key (user_id) 
       references user_credentials
Hibernate: 
    alter table if exists password_reset_tokens 
       add constraint FK4e664r5ey7ghwuux5tp6phhi5 
       foreign key (user_id) 
       references user_credentials
Hibernate: 
    alter table if exists refresh_tokens 
       add constraint FK2jjwjokbv24hq6j6cem7wucy6 
       foreign key (user_id) 
       references user_credentials
Hibernate: 
    alter table if exists role_permissions 
       add constraint FKegdk29eiy7mdtefy5c7eirr6e 
       foreign key (permission_id) 
       references permissions
Hibernate: 
    alter table if exists role_permissions 
       add constraint FKn5fotdgk8d1xvo8nav9uv3muc 
       foreign key (role_id) 
       references roles
Hibernate: 
    alter table if exists user_roles 
       add constraint FKh8ciramu9cc9q3qcqiv4ue8a6 
       foreign key (role_id) 
       references roles
Hibernate: 
    alter table if exists user_roles 
       add constraint FKqin6aw0mf2bud9ko2gb1rm15j 
       foreign key (user_id) 
       references user_credentials
Hibernate: 
    alter table if exists user_sessions 
       add constraint FK9tv0vh18saqithl2pip3gqkuv 
       foreign key (user_id) 
       references user_credentials
2026-07-08T20:57:14.339+05:30  INFO 25284 --- [auth-service] [           main] j.LocalContainerEntityManagerFactoryBean : Initialized JPA EntityManagerFactory for persistence unit 'default'
2026-07-08T20:57:17.025+05:30  WARN 25284 --- [auth-service] [           main] JpaBaseConfiguration$JpaWebConfiguration : spring.jpa.open-in-view is enabled by default. Therefore, database queries may be performed during view rendering. Explicitly configure spring.jpa.open-in-view to disable this warning
2026-07-08T20:57:18.169+05:30  INFO 25284 --- [auth-service] [           main] o.s.b.a.e.web.EndpointLinksResolver      : Exposing 3 endpoint(s) beneath base path '/actuator'
2026-07-08T20:57:18.300+05:30  INFO 25284 --- [auth-service] [           main] o.s.s.web.DefaultSecurityFilterChain     : Will secure any request with [org.springframework.security.web.session.DisableEncodeUrlFilter@2ce987d7, org.springframework.security.web.context.request.async.WebAsyncManagerIntegrationFilter@16a4d5a9, org.springframework.security.web.context.SecurityContextHolderFilter@7c3b7d7c, org.springframework.security.web.header.HeaderWriterFilter@3f44295, org.springframework.web.filter.CorsFilter@427b24c0, org.springframework.security.web.authentication.logout.LogoutFilter@74947f2b, com.smartlogistics.auth.security.JwtAuthenticationFilter@56540a58, org.springframework.security.web.savedrequest.RequestCacheAwareFilter@46672a62, org.springframework.security.web.servletapi.SecurityContextHolderAwareRequestFilter@24cf1abf, org.springframework.security.web.authentication.AnonymousAuthenticationFilter@6705b98b, org.springframework.security.web.session.SessionManagementFilter@70b2de98, org.springframework.security.web.access.ExceptionTranslationFilter@15688af, org.springframework.security.web.access.intercept.AuthorizationFilter@f4dcd0d]
2026-07-08T20:57:20.007+05:30  INFO 25284 --- [auth-service] [           main] DiscoveryClientOptionalArgsConfiguration : Eureka HTTP Client uses RestTemplate.
2026-07-08T20:57:20.133+05:30  WARN 25284 --- [auth-service] [           main] iguration$LoadBalancerCaffeineWarnLogger : Spring Cloud LoadBalancer is currently working with the default cache. While this cache implementation is useful for development and tests, it's recommended to use Caffeine cache in production.You can switch to using Caffeine cache, by adding it and org.springframework.cache.caffeine.CaffeineCacheManager to the classpath.
2026-07-08T20:57:20.343+05:30  INFO 25284 --- [auth-service] [           main] c.s.auth.AuthServiceApplicationTests     : Started AuthServiceApplicationTests in 16.783 seconds (process running for 19.142)
]]></system-out>
    <system-err><![CDATA[WARNING: A Java agent has been loaded dynamically (C:\Users\Suyog\.m2\repository\net\bytebuddy\byte-buddy-agent\1.14.12\byte-buddy-agent-1.14.12.jar)
WARNING: If a serviceability tool is in use, please run with -XX:+EnableDynamicAgentLoading to hide this warning
WARNING: If a serviceability tool is not in use, please run with -Djdk.instrument.traceUsage for more information
WARNING: Dynamic loading of agents will be disallowed by default in a future release
]]></system-err>
  </testcase>
</testsuite>